[0.421s] DEBUG:colcon:Command line arguments: ['/usr/bin/colcon', 'list', '-p', '--base-paths', '/home/benjamin/ros2_diff_bot']
[0.421s] DEBUG:colcon:Parsed command line arguments: Namespace(log_base=None, log_level=None, verb_name='list', build_base='build', ignore_user_meta=False, metas=['./colcon.meta'], base_paths=['/home/benjamin/ros2_diff_bot'], packages_ignore=None, packages_ignore_regex=None, paths=None, packages_up_to=None, packages_up_to_regex=None, packages_above=None, packages_above_and_dependencies=None, packages_above_depth=None, packages_select_by_dep=None, packages_skip_by_dep=None, packages_skip_up_to=None, packages_select_build_failed=False, packages_skip_build_finished=False, packages_select_test_failures=False, packages_skip_test_passed=False, packages_select=None, packages_skip=None, packages_select_regex=None, packages_skip_regex=None, packages_start=None, packages_end=None, allow_overriding=[], topological_order=False, names_only=False, paths_only=True, topological_graph=False, topological_graph_dot=False, topological_graph_density=False, topological_graph_legend=False, topological_graph_dot_cluster=False, topological_graph_dot_include_skipped=False, verb_parser=<colcon_defaults.argument_parser.defaults.DefaultArgumentsDecorator object at 0x7fc4521c38b0>, verb_extension=<colcon_package_information.verb.list.ListVerb object at 0x7fc452108610>, main=<bound method ListVerb.main of <colcon_package_information.verb.list.ListVerb object at 0x7fc452108610>>)
[0.450s] Level 1:colcon.colcon_core.package_discovery:discover_packages(colcon_meta) check parameters
[0.450s] Level 1:colcon.colcon_core.package_discovery:discover_packages(recursive) check parameters
[0.450s] Level 1:colcon.colcon_core.package_discovery:discover_packages(ignore) check parameters
[0.450s] Level 1:colcon.colcon_core.package_discovery:discover_packages(path) check parameters
[0.450s] Level 1:colcon.colcon_core.package_discovery:discover_packages(recursive) discover
[0.450s] INFO:colcon.colcon_core.package_discovery:Crawling recursively for packages in '/home/benjamin/ros2_diff_bot'
[0.450s] Level 1:colcon.colcon_core.package_identification:_identify(/home/benjamin/ros2_diff_bot) by extensions ['ignore', 'ignore_ament_install']
[0.450s] Level 1:colcon.colcon_core.package_identification:_identify(/home/benjamin/ros2_diff_bot) by extension 'ignore'
[0.451s] Level 1:colcon.colcon_core.package_identification:_identify(/home/benjamin/ros2_diff_bot) by extension 'ignore_ament_install'
[0.451s] Level 1:colcon.colcon_core.package_identification:_identify(/home/benjamin/ros2_diff_bot) by extensions ['colcon_pkg']
[0.451s] Level 1:colcon.colcon_core.package_identification:_identify(/home/benjamin/ros2_diff_bot) by extension 'colcon_pkg'
[0.451s] Level 1:colcon.colcon_core.package_identification:_identify(/home/benjamin/ros2_diff_bot) by extensions ['colcon_meta']
[0.451s] Level 1:colcon.colcon_core.package_identification:_identify(/home/benjamin/ros2_diff_bot) by extension 'colcon_meta'
[0.451s] Level 1:colcon.colcon_core.package_identification:_identify(/home/benjamin/ros2_diff_bot) by extensions ['ros']
[0.451s] Level 1:colcon.colcon_core.package_identification:_identify(/home/benjamin/ros2_diff_bot) by extension 'ros'
[0.461s] Level 1:colcon.colcon_core.package_identification:_identify(/home/benjamin/ros2_diff_bot) by extensions ['cmake', 'python']
[0.461s] Level 1:colcon.colcon_core.package_identification:_identify(/home/benjamin/ros2_diff_bot) by extension 'cmake'
[0.461s] Level 1:colcon.colcon_core.package_identification:_identify(/home/benjamin/ros2_diff_bot) by extension 'python'
[0.461s] Level 1:colcon.colcon_core.package_identification:_identify(/home/benjamin/ros2_diff_bot) by extensions ['python_setup_py']
[0.461s] Level 1:colcon.colcon_core.package_identification:_identify(/home/benjamin/ros2_diff_bot) by extension 'python_setup_py'
[0.461s] Level 1:colcon.colcon_core.package_identification:_identify(/home/benjamin/ros2_diff_bot/build) by extensions ['ignore', 'ignore_ament_install']
[0.461s] Level 1:colcon.colcon_core.package_identification:_identify(/home/benjamin/ros2_diff_bot/build) by extension 'ignore'
[0.461s] Level 1:colcon.colcon_core.package_identification:_identify(/home/benjamin/ros2_diff_bot/build) ignored
[0.461s] Level 1:colcon.colcon_core.package_identification:_identify(/home/benjamin/ros2_diff_bot/install) by extensions ['ignore', 'ignore_ament_install']
[0.461s] Level 1:colcon.colcon_core.package_identification:_identify(/home/benjamin/ros2_diff_bot/install) by extension 'ignore'
[0.461s] Level 1:colcon.colcon_core.package_identification:_identify(/home/benjamin/ros2_diff_bot/install) ignored
[0.461s] Level 1:colcon.colcon_core.package_identification:_identify(/home/benjamin/ros2_diff_bot/log) by extensions ['ignore', 'ignore_ament_install']
[0.461s] Level 1:colcon.colcon_core.package_identification:_identify(/home/benjamin/ros2_diff_bot/log) by extension 'ignore'
[0.462s] Level 1:colcon.colcon_core.package_identification:_identify(/home/benjamin/ros2_diff_bot/log) ignored
[0.462s] Level 1:colcon.colcon_core.package_identification:_identify(/home/benjamin/ros2_diff_bot/src) by extensions ['ignore', 'ignore_ament_install']
[0.462s] Level 1:colcon.colcon_core.package_identification:_identify(/home/benjamin/ros2_diff_bot/src) by extension 'ignore'
[0.462s] Level 1:colcon.colcon_core.package_identification:_identify(/home/benjamin/ros2_diff_bot/src) by extension 'ignore_ament_install'
[0.462s] Level 1:colcon.colcon_core.package_identification:_identify(/home/benjamin/ros2_diff_bot/src) by extensions ['colcon_pkg']
[0.462s] Level 1:colcon.colcon_core.package_identification:_identify(/home/benjamin/ros2_diff_bot/src) by extension 'colcon_pkg'
[0.462s] Level 1:colcon.colcon_core.package_identification:_identify(/home/benjamin/ros2_diff_bot/src) by extensions ['colcon_meta']
[0.462s] Level 1:colcon.colcon_core.package_identification:_identify(/home/benjamin/ros2_diff_bot/src) by extension 'colcon_meta'
[0.462s] Level 1:colcon.colcon_core.package_identification:_identify(/home/benjamin/ros2_diff_bot/src) by extensions ['ros']
[0.462s] Level 1:colcon.colcon_core.package_identification:_identify(/home/benjamin/ros2_diff_bot/src) by extension 'ros'
[0.462s] Level 1:colcon.colcon_core.package_identification:_identify(/home/benjamin/ros2_diff_bot/src) by extensions ['cmake', 'python']
[0.462s] Level 1:colcon.colcon_core.package_identification:_identify(/home/benjamin/ros2_diff_bot/src) by extension 'cmake'
[0.462s] Level 1:colcon.colcon_core.package_identification:_identify(/home/benjamin/ros2_diff_bot/src) by extension 'python'
[0.462s] Level 1:colcon.colcon_core.package_identification:_identify(/home/benjamin/ros2_diff_bot/src) by extensions ['python_setup_py']
[0.462s] Level 1:colcon.colcon_core.package_identification:_identify(/home/benjamin/ros2_diff_bot/src) by extension 'python_setup_py'
[0.462s] Level 1:colcon.colcon_core.package_identification:_identify(/home/benjamin/ros2_diff_bot/src/ros2_diff_bot) by extensions ['ignore', 'ignore_ament_install']
[0.462s] Level 1:colcon.colcon_core.package_identification:_identify(/home/benjamin/ros2_diff_bot/src/ros2_diff_bot) by extension 'ignore'
[0.462s] Level 1:colcon.colcon_core.package_identification:_identify(/home/benjamin/ros2_diff_bot/src/ros2_diff_bot) by extension 'ignore_ament_install'
[0.462s] Level 1:colcon.colcon_core.package_identification:_identify(/home/benjamin/ros2_diff_bot/src/ros2_diff_bot) by extensions ['colcon_pkg']
[0.462s] Level 1:colcon.colcon_core.package_identification:_identify(/home/benjamin/ros2_diff_bot/src/ros2_diff_bot) by extension 'colcon_pkg'
[0.463s] Level 1:colcon.colcon_core.package_identification:_identify(/home/benjamin/ros2_diff_bot/src/ros2_diff_bot) by extensions ['colcon_meta']
[0.463s] Level 1:colcon.colcon_core.package_identification:_identify(/home/benjamin/ros2_diff_bot/src/ros2_diff_bot) by extension 'colcon_meta'
[0.463s] Level 1:colcon.colcon_core.package_identification:_identify(/home/benjamin/ros2_diff_bot/src/ros2_diff_bot) by extensions ['ros']
[0.463s] Level 1:colcon.colcon_core.package_identification:_identify(/home/benjamin/ros2_diff_bot/src/ros2_diff_bot) by extension 'ros'
[0.465s] DEBUG:colcon.colcon_core.package_identification:Package '/home/benjamin/ros2_diff_bot/src/ros2_diff_bot' with type 'ros.ament_python' and name 'ros2_diff_bot'
[0.465s] Level 1:colcon.colcon_core.package_discovery:discover_packages(recursive) using defaults
