[0.313s] DEBUG:colcon:Command line arguments: ['/usr/bin/colcon', 'build']
[0.313s] DEBUG:colcon:Parsed command line arguments: Namespace(log_base=None, log_level=None, verb_name='build', build_base='build', install_base='install', merge_install=False, symlink_install=False, test_result_base=None, continue_on_error=False, executor='parallel', parallel_workers=12, event_handlers=None, ignore_user_meta=False, metas=['./colcon.meta'], base_paths=['.'], packages_ignore=None, packages_ignore_regex=None, paths=None, packages_up_to=None, packages_up_to_regex=None, packages_above=None, packages_above_and_dependencies=None, packages_above_depth=None, packages_select_by_dep=None, packages_skip_by_dep=None, packages_skip_up_to=None, packages_select_build_failed=False, packages_skip_build_finished=False, packages_select_test_failures=False, packages_skip_test_passed=False, packages_select=None, packages_skip=None, packages_select_regex=None, packages_skip_regex=None, packages_start=None, packages_end=None, allow_overriding=[], cmake_args=None, cmake_target=None, cmake_target_skip_unavailable=False, cmake_clean_cache=False, cmake_clean_first=False, cmake_force_configure=False, ament_cmake_args=None, catkin_cmake_args=None, catkin_skip_building_tests=False, verb_parser=<colcon_defaults.argument_parser.defaults.DefaultArgumentsDecorator object at 0x7f22af4f2aa0>, verb_extension=<colcon_core.verb.build.BuildVerb object at 0x7f22af4f2530>, main=<bound method BuildVerb.main of <colcon_core.verb.build.BuildVerb object at 0x7f22af4f2530>>)
[0.333s] Level 1:colcon.colcon_core.package_discovery:discover_packages(colcon_meta) check parameters
[0.333s] Level 1:colcon.colcon_core.package_discovery:discover_packages(recursive) check parameters
[0.333s] Level 1:colcon.colcon_core.package_discovery:discover_packages(ignore) check parameters
[0.333s] Level 1:colcon.colcon_core.package_discovery:discover_packages(path) check parameters
[0.333s] Level 1:colcon.colcon_core.package_discovery:discover_packages(colcon_meta) discover
[0.333s] Level 1:colcon.colcon_core.package_discovery:discover_packages(recursive) discover
[0.333s] INFO:colcon.colcon_core.package_discovery:Crawling recursively for packages in '/home/benjamin/ros2_diff_bot'
[0.333s] Level 1:colcon.colcon_core.package_identification:_identify(.) by extensions ['ignore', 'ignore_ament_install']
[0.333s] Level 1:colcon.colcon_core.package_identification:_identify(.) by extension 'ignore'
[0.334s] Level 1:colcon.colcon_core.package_identification:_identify(.) by extension 'ignore_ament_install'
[0.334s] Level 1:colcon.colcon_core.package_identification:_identify(.) by extensions ['colcon_pkg']
[0.334s] Level 1:colcon.colcon_core.package_identification:_identify(.) by extension 'colcon_pkg'
[0.334s] Level 1:colcon.colcon_core.package_identification:_identify(.) by extensions ['colcon_meta']
[0.334s] Level 1:colcon.colcon_core.package_identification:_identify(.) by extension 'colcon_meta'
[0.334s] Level 1:colcon.colcon_core.package_identification:_identify(.) by extensions ['ros']
[0.334s] Level 1:colcon.colcon_core.package_identification:_identify(.) by extension 'ros'
[0.344s] Level 1:colcon.colcon_core.package_identification:_identify(.) by extensions ['cmake', 'python']
[0.344s] Level 1:colcon.colcon_core.package_identification:_identify(.) by extension 'cmake'
[0.344s] Level 1:colcon.colcon_core.package_identification:_identify(.) by extension 'python'
[0.344s] Level 1:colcon.colcon_core.package_identification:_identify(.) by extensions ['python_setup_py']
[0.344s] Level 1:colcon.colcon_core.package_identification:_identify(.) by extension 'python_setup_py'
[0.345s] Level 1:colcon.colcon_core.package_identification:_identify(build) by extensions ['ignore', 'ignore_ament_install']
[0.345s] Level 1:colcon.colcon_core.package_identification:_identify(build) by extension 'ignore'
[0.345s] Level 1:colcon.colcon_core.package_identification:_identify(build) ignored
[0.345s] Level 1:colcon.colcon_core.package_identification:_identify(install) by extensions ['ignore', 'ignore_ament_install']
[0.345s] Level 1:colcon.colcon_core.package_identification:_identify(install) by extension 'ignore'
[0.345s] Level 1:colcon.colcon_core.package_identification:_identify(install) ignored
[0.345s] Level 1:colcon.colcon_core.package_identification:_identify(log) by extensions ['ignore', 'ignore_ament_install']
[0.345s] Level 1:colcon.colcon_core.package_identification:_identify(log) by extension 'ignore'
[0.345s] Level 1:colcon.colcon_core.package_identification:_identify(log) ignored
[0.345s] Level 1:colcon.colcon_core.package_identification:_identify(src) by extensions ['ignore', 'ignore_ament_install']
[0.345s] Level 1:colcon.colcon_core.package_identification:_identify(src) by extension 'ignore'
[0.345s] Level 1:colcon.colcon_core.package_identification:_identify(src) by extension 'ignore_ament_install'
[0.345s] Level 1:colcon.colcon_core.package_identification:_identify(src) by extensions ['colcon_pkg']
[0.345s] Level 1:colcon.colcon_core.package_identification:_identify(src) by extension 'colcon_pkg'
[0.346s] Level 1:colcon.colcon_core.package_identification:_identify(src) by extensions ['colcon_meta']
[0.346s] Level 1:colcon.colcon_core.package_identification:_identify(src) by extension 'colcon_meta'
[0.346s] Level 1:colcon.colcon_core.package_identification:_identify(src) by extensions ['ros']
[0.346s] Level 1:colcon.colcon_core.package_identification:_identify(src) by extension 'ros'
[0.346s] Level 1:colcon.colcon_core.package_identification:_identify(src) by extensions ['cmake', 'python']
[0.346s] Level 1:colcon.colcon_core.package_identification:_identify(src) by extension 'cmake'
[0.346s] Level 1:colcon.colcon_core.package_identification:_identify(src) by extension 'python'
[0.346s] Level 1:colcon.colcon_core.package_identification:_identify(src) by extensions ['python_setup_py']
[0.346s] Level 1:colcon.colcon_core.package_identification:_identify(src) by extension 'python_setup_py'
[0.346s] Level 1:colcon.colcon_core.package_identification:_identify(src/ros2_diff_bot) by extensions ['ignore', 'ignore_ament_install']
[0.346s] Level 1:colcon.colcon_core.package_identification:_identify(src/ros2_diff_bot) by extension 'ignore'
[0.346s] Level 1:colcon.colcon_core.package_identification:_identify(src/ros2_diff_bot) by extension 'ignore_ament_install'
[0.346s] Level 1:colcon.colcon_core.package_identification:_identify(src/ros2_diff_bot) by extensions ['colcon_pkg']
[0.346s] Level 1:colcon.colcon_core.package_identification:_identify(src/ros2_diff_bot) by extension 'colcon_pkg'
[0.346s] Level 1:colcon.colcon_core.package_identification:_identify(src/ros2_diff_bot) by extensions ['colcon_meta']
[0.346s] Level 1:colcon.colcon_core.package_identification:_identify(src/ros2_diff_bot) by extension 'colcon_meta'
[0.346s] Level 1:colcon.colcon_core.package_identification:_identify(src/ros2_diff_bot) by extensions ['ros']
[0.346s] Level 1:colcon.colcon_core.package_identification:_identify(src/ros2_diff_bot) by extension 'ros'
[0.348s] DEBUG:colcon.colcon_core.package_identification:Package 'src/ros2_diff_bot' with type 'ros.ament_python' and name 'ros2_diff_bot'
[0.348s] Level 1:colcon.colcon_core.package_discovery:discover_packages(recursive) using defaults
[0.348s] Level 1:colcon.colcon_core.package_discovery:discover_packages(ignore) discover
[0.348s] Level 1:colcon.colcon_core.package_discovery:discover_packages(ignore) using defaults
[0.348s] Level 1:colcon.colcon_core.package_discovery:discover_packages(path) discover
[0.348s] Level 1:colcon.colcon_core.package_discovery:discover_packages(path) using defaults
[0.368s] Level 1:colcon.colcon_core.package_discovery:discover_packages(prefix_path) check parameters
[0.368s] Level 1:colcon.colcon_core.package_discovery:discover_packages(prefix_path) discover
[0.370s] DEBUG:colcon.colcon_installed_package_information.package_discovery:Found 1 installed packages in /home/benjamin/ros2_diff_bot/install
[0.372s] DEBUG:colcon.colcon_installed_package_information.package_discovery:Found 331 installed packages in /opt/ros/humble
[0.375s] Level 1:colcon.colcon_core.package_discovery:discover_packages(prefix_path) using defaults
[0.437s] Level 5:colcon.colcon_core.verb:set package 'ros2_diff_bot' build argument 'cmake_args' from command line to 'None'
[0.437s] Level 5:colcon.colcon_core.verb:set package 'ros2_diff_bot' build argument 'cmake_target' from command line to 'None'
[0.437s] Level 5:colcon.colcon_core.verb:set package 'ros2_diff_bot' build argument 'cmake_target_skip_unavailable' from command line to 'False'
[0.437s] Level 5:colcon.colcon_core.verb:set package 'ros2_diff_bot' build argument 'cmake_clean_cache' from command line to 'False'
[0.437s] Level 5:colcon.colcon_core.verb:set package 'ros2_diff_bot' build argument 'cmake_clean_first' from command line to 'False'
[0.437s] Level 5:colcon.colcon_core.verb:set package 'ros2_diff_bot' build argument 'cmake_force_configure' from command line to 'False'
[0.437s] Level 5:colcon.colcon_core.verb:set package 'ros2_diff_bot' build argument 'ament_cmake_args' from command line to 'None'
[0.437s] Level 5:colcon.colcon_core.verb:set package 'ros2_diff_bot' build argument 'catkin_cmake_args' from command line to 'None'
[0.437s] Level 5:colcon.colcon_core.verb:set package 'ros2_diff_bot' build argument 'catkin_skip_building_tests' from command line to 'False'
[0.437s] DEBUG:colcon.colcon_core.verb:Building package 'ros2_diff_bot' with the following arguments: {'ament_cmake_args': None, 'build_base': '/home/benjamin/ros2_diff_bot/build/ros2_diff_bot', 'catkin_cmake_args': None, 'catkin_skip_building_tests': False, 'cmake_args': None, 'cmake_clean_cache': False, 'cmake_clean_first': False, 'cmake_force_configure': False, 'cmake_target': None, 'cmake_target_skip_unavailable': False, 'install_base': '/home/benjamin/ros2_diff_bot/install/ros2_diff_bot', 'merge_install': False, 'path': '/home/benjamin/ros2_diff_bot/src/ros2_diff_bot', 'symlink_install': False, 'test_result_base': None}
[0.438s] INFO:colcon.colcon_core.executor:Executing jobs using 'parallel' executor
[0.440s] DEBUG:colcon.colcon_parallel_executor.executor.parallel:run_until_complete
[0.440s] INFO:colcon.colcon_ros.task.ament_python.build:Building ROS package in '/home/benjamin/ros2_diff_bot/src/ros2_diff_bot' with build type 'ament_python'
[0.441s] Level 1:colcon.colcon_core.shell:create_environment_hook('ros2_diff_bot', 'ament_prefix_path')
[0.444s] INFO:colcon.colcon_core.plugin_system:Skipping extension 'colcon_core.shell.bat': Not used on non-Windows systems
[0.444s] INFO:colcon.colcon_core.shell:Creating environment hook '/home/benjamin/ros2_diff_bot/install/ros2_diff_bot/share/ros2_diff_bot/hook/ament_prefix_path.ps1'
[0.445s] INFO:colcon.colcon_core.shell:Creating environment descriptor '/home/benjamin/ros2_diff_bot/install/ros2_diff_bot/share/ros2_diff_bot/hook/ament_prefix_path.dsv'
[0.445s] INFO:colcon.colcon_core.shell:Creating environment hook '/home/benjamin/ros2_diff_bot/install/ros2_diff_bot/share/ros2_diff_bot/hook/ament_prefix_path.sh'
[0.447s] INFO:colcon.colcon_core.shell:Skip shell extension 'powershell' for command environment: Not usable outside of PowerShell
[0.447s] DEBUG:colcon.colcon_core.shell:Skip shell extension 'dsv' for command environment
[0.705s] INFO:colcon.colcon_core.task.python.build:Building Python package in '/home/benjamin/ros2_diff_bot/src/ros2_diff_bot'
[0.706s] INFO:colcon.colcon_core.shell:Skip shell extension 'powershell' for command environment: Not usable outside of PowerShell
[0.706s] DEBUG:colcon.colcon_core.shell:Skip shell extension 'dsv' for command environment
[1.045s] DEBUG:colcon.colcon_core.event_handler.log_command:Invoking command in '/home/benjamin/ros2_diff_bot/build/ros2_diff_bot': PYTHONPATH=/home/benjamin/ros2_diff_bot/build/ros2_diff_bot/prefix_override:/home/benjamin/ros2_diff_bot/install/ros2_diff_bot/lib/python3.10/site-packages:${PYTHONPATH} /usr/bin/python3 setup.py develop --uninstall --editable --build-directory /home/benjamin/ros2_diff_bot/build/ros2_diff_bot/build
[1.489s] DEBUG:colcon.colcon_core.event_handler.log_command:Invoked command in '/home/benjamin/ros2_diff_bot/build/ros2_diff_bot' returned '0': PYTHONPATH=/home/benjamin/ros2_diff_bot/build/ros2_diff_bot/prefix_override:/home/benjamin/ros2_diff_bot/install/ros2_diff_bot/lib/python3.10/site-packages:${PYTHONPATH} /usr/bin/python3 setup.py develop --uninstall --editable --build-directory /home/benjamin/ros2_diff_bot/build/ros2_diff_bot/build
[1.490s] DEBUG:colcon.colcon_core.event_handler.log_command:Invoking command in '/home/benjamin/ros2_diff_bot/src/ros2_diff_bot': PYTHONPATH=/home/benjamin/ros2_diff_bot/build/ros2_diff_bot/prefix_override:/home/benjamin/ros2_diff_bot/install/ros2_diff_bot/lib/python3.10/site-packages:${PYTHONPATH} /usr/bin/python3 setup.py egg_info --egg-base ../../build/ros2_diff_bot build --build-base /home/benjamin/ros2_diff_bot/build/ros2_diff_bot/build install --record /home/benjamin/ros2_diff_bot/build/ros2_diff_bot/install.log --single-version-externally-managed
[1.772s] DEBUG:colcon.colcon_core.event_handler.log_command:Invoked command in '/home/benjamin/ros2_diff_bot/src/ros2_diff_bot' returned '0': PYTHONPATH=/home/benjamin/ros2_diff_bot/build/ros2_diff_bot/prefix_override:/home/benjamin/ros2_diff_bot/install/ros2_diff_bot/lib/python3.10/site-packages:${PYTHONPATH} /usr/bin/python3 setup.py egg_info --egg-base ../../build/ros2_diff_bot build --build-base /home/benjamin/ros2_diff_bot/build/ros2_diff_bot/build install --record /home/benjamin/ros2_diff_bot/build/ros2_diff_bot/install.log --single-version-externally-managed
[1.776s] Level 1:colcon.colcon_core.environment:checking '/home/benjamin/ros2_diff_bot/install/ros2_diff_bot' for CMake module files
[1.777s] Level 1:colcon.colcon_core.environment:checking '/home/benjamin/ros2_diff_bot/install/ros2_diff_bot' for CMake config files
[1.777s] Level 1:colcon.colcon_core.environment:checking '/home/benjamin/ros2_diff_bot/install/ros2_diff_bot/lib'
[1.778s] Level 1:colcon.colcon_core.environment:checking '/home/benjamin/ros2_diff_bot/install/ros2_diff_bot/bin'
[1.778s] Level 1:colcon.colcon_core.environment:checking '/home/benjamin/ros2_diff_bot/install/ros2_diff_bot/lib/pkgconfig/ros2_diff_bot.pc'
[1.778s] Level 1:colcon.colcon_core.environment:checking '/home/benjamin/ros2_diff_bot/install/ros2_diff_bot/lib/python3.10/site-packages'
[1.778s] Level 1:colcon.colcon_core.shell:create_environment_hook('ros2_diff_bot', 'pythonpath')
[1.779s] INFO:colcon.colcon_core.shell:Creating environment hook '/home/benjamin/ros2_diff_bot/install/ros2_diff_bot/share/ros2_diff_bot/hook/pythonpath.ps1'
[1.779s] INFO:colcon.colcon_core.shell:Creating environment descriptor '/home/benjamin/ros2_diff_bot/install/ros2_diff_bot/share/ros2_diff_bot/hook/pythonpath.dsv'
[1.780s] INFO:colcon.colcon_core.shell:Creating environment hook '/home/benjamin/ros2_diff_bot/install/ros2_diff_bot/share/ros2_diff_bot/hook/pythonpath.sh'
[1.780s] Level 1:colcon.colcon_core.environment:checking '/home/benjamin/ros2_diff_bot/install/ros2_diff_bot/bin'
[1.780s] Level 1:colcon.colcon_core.environment:create_environment_scripts_only(ros2_diff_bot)
[1.781s] INFO:colcon.colcon_core.shell:Creating package script '/home/benjamin/ros2_diff_bot/install/ros2_diff_bot/share/ros2_diff_bot/package.ps1'
[1.782s] INFO:colcon.colcon_core.shell:Creating package descriptor '/home/benjamin/ros2_diff_bot/install/ros2_diff_bot/share/ros2_diff_bot/package.dsv'
[1.782s] INFO:colcon.colcon_core.shell:Creating package script '/home/benjamin/ros2_diff_bot/install/ros2_diff_bot/share/ros2_diff_bot/package.sh'
[1.783s] INFO:colcon.colcon_core.shell:Creating package script '/home/benjamin/ros2_diff_bot/install/ros2_diff_bot/share/ros2_diff_bot/package.bash'
[1.784s] INFO:colcon.colcon_core.shell:Creating package script '/home/benjamin/ros2_diff_bot/install/ros2_diff_bot/share/ros2_diff_bot/package.zsh'
[1.784s] Level 1:colcon.colcon_core.environment:create_file_with_runtime_dependencies(/home/benjamin/ros2_diff_bot/install/ros2_diff_bot/share/colcon-core/packages/ros2_diff_bot)
[1.784s] DEBUG:colcon.colcon_parallel_executor.executor.parallel:closing loop
[1.785s] DEBUG:colcon.colcon_parallel_executor.executor.parallel:loop closed
[1.785s] DEBUG:colcon.colcon_parallel_executor.executor.parallel:run_until_complete finished with '0'
[1.785s] DEBUG:colcon.colcon_core.event_reactor:joining thread
[1.790s] INFO:colcon.colcon_core.plugin_system:Skipping extension 'colcon_notification.desktop_notification.terminal_notifier': Not used on non-Darwin systems
[1.790s] INFO:colcon.colcon_core.plugin_system:Skipping extension 'colcon_notification.desktop_notification.win32': Not used on non-Windows systems
[1.790s] INFO:colcon.colcon_notification.desktop_notification:Sending desktop notification using 'notify2'
[1.799s] DEBUG:colcon.colcon_core.event_reactor:joined thread
[1.802s] INFO:colcon.colcon_core.shell:Creating prefix script '/home/benjamin/ros2_diff_bot/install/local_setup.ps1'
[1.803s] INFO:colcon.colcon_core.shell:Creating prefix util module '/home/benjamin/ros2_diff_bot/install/_local_setup_util_ps1.py'
[1.804s] INFO:colcon.colcon_core.shell:Creating prefix chain script '/home/benjamin/ros2_diff_bot/install/setup.ps1'
[1.805s] INFO:colcon.colcon_core.shell:Creating prefix script '/home/benjamin/ros2_diff_bot/install/local_setup.sh'
[1.805s] INFO:colcon.colcon_core.shell:Creating prefix util module '/home/benjamin/ros2_diff_bot/install/_local_setup_util_sh.py'
[1.806s] INFO:colcon.colcon_core.shell:Creating prefix chain script '/home/benjamin/ros2_diff_bot/install/setup.sh'
[1.807s] INFO:colcon.colcon_core.shell:Creating prefix script '/home/benjamin/ros2_diff_bot/install/local_setup.bash'
[1.808s] INFO:colcon.colcon_core.shell:Creating prefix chain script '/home/benjamin/ros2_diff_bot/install/setup.bash'
[1.809s] INFO:colcon.colcon_core.shell:Creating prefix script '/home/benjamin/ros2_diff_bot/install/local_setup.zsh'
[1.809s] INFO:colcon.colcon_core.shell:Creating prefix chain script '/home/benjamin/ros2_diff_bot/install/setup.zsh'
